<?xml version="1.0" encoding="UTF-8"?>
<!-- Generated by org.testng.reporters.JUnitXMLReporter -->
<testsuite ignored="0" hostname="JKTNOLAP622" failures="0" tests="3" name="Test" time="22.757" errors="0" timestamp="2022-06-30T11:41:22 IST">
  <testcase classname="com.testNG.parallelExecution" name="parametersExample" time="10.438"/>
  <testcase classname="com.testNG.parallelExecution" name="parametersExample1" time="20.334"/>
  <testcase classname="com.testNG.ParallelExecution1" name="parametersExample1" time="22.685"/>
</testsuite> <!-- Test -->
