<?xml version="1.0" encoding="UTF-8"?>
<testng-results ignored="0" total="1" passed="1" failed="0" skipped="0">
  <reporter-output>
  </reporter-output>
  <suite started-at="2022-07-04T10:27:03 IST" name="Default suite" finished-at="2022-07-04T10:27:12 IST" duration-ms="9221">
    <groups>
    </groups>
    <test started-at="2022-07-04T10:27:03 IST" name="Default test" finished-at="2022-07-04T10:27:12 IST" duration-ms="9221">
      <class name="com.jktech.Utility.ReadFromPropertyFile">
        <test-method signature="propertyfile()[pri:0, instance:com.jktech.Utility.ReadFromPropertyFile@10163d6]" started-at="2022-07-04T10:27:03 IST" name="propertyfile" finished-at="2022-07-04T10:27:12 IST" duration-ms="9150" status="PASS">
          <reporter-output>
          </reporter-output>
        </test-method> <!-- propertyfile -->
      </class> <!-- com.jktech.Utility.ReadFromPropertyFile -->
    </test> <!-- Default test -->
  </suite> <!-- Default suite -->
</testng-results>
